<?xml version="1.0" encoding="UTF-8"?>
<testng-results skipped="0" failed="0" total="1" passed="1">
  <reporter-output>
  </reporter-output>
  <suite name="Default suite" duration-ms="9721" started-at="2019-08-21T05:39:08Z" finished-at="2019-08-21T05:39:17Z">
    <groups>
    </groups>
    <test name="Default test" duration-ms="9721" started-at="2019-08-21T05:39:08Z" finished-at="2019-08-21T05:39:17Z">
      <class name="com.account.migration.IDEAccountWithDevices">
        <test-method status="PASS" signature="initialize()[pri:0, instance:com.account.migration.IDEAccountWithDevices@57829d67]" name="initialize" is-config="true" duration-ms="6" started-at="2019-08-20T22:39:08Z" finished-at="2019-08-20T22:39:08Z">
          <reporter-output>
          </reporter-output>
        </test-method> <!-- initialize -->
        <test-method status="PASS" signature="runTests()[pri:0, instance:com.account.migration.IDEAccountWithDevices@57829d67]" name="runTests" duration-ms="9704" started-at="2019-08-20T22:39:08Z" finished-at="2019-08-20T22:39:17Z">
          <reporter-output>
          </reporter-output>
        </test-method> <!-- runTests -->
      </class> <!-- com.account.migration.IDEAccountWithDevices -->
    </test> <!-- Default test -->
  </suite> <!-- Default suite -->
</testng-results>
